<?xml version="1.0" encoding="UTF-8"?>
<testsuite name="org.example.AppTest" tests="4" skipped="0" failures="0" errors="0" timestamp="2025-04-01T01:44:19.437Z" hostname="Yeonuui-MacBookPro.local" time="0.015">
  <properties/>
  <testcase name="testAllWrong()" classname="org.example.AppTest" time="0.011"/>
  <testcase name="testMixMatch()" classname="org.example.AppTest" time="0.003"/>
  <testcase name="testOnlyBalls()" classname="org.example.AppTest" time="0.0"/>
  <testcase name="testPerfectMatch()" classname="org.example.AppTest" time="0.0"/>
  <system-out><![CDATA[]]></system-out>
  <system-err><![CDATA[]]></system-err>
</testsuite>
